<?xml version="1.0" encoding="UTF-8"?>
<robot generator="Robot 3.1.2 (Python 3.7.7 on win32)" generated="20200316 00:04:21.968" rpa="false">
<suite id="s1" name="Fetch data from py file" source="C:\Users\Avalon\PycharmProjects\Automation\TestCases\Fetch_data_from_py_file.robot">
<test id="s1-t1" name="Robot Featch Data">
<kw name="Concatenate Username and Password" library="Resorces3">
<arguments>
<arg>Testing</arg>
<arg>World</arg>
</arguments>
<kw name="Concatenate Two Values" library="UserKeywords">
<arguments>
<arg>${Username}</arg>
<arg>${Password}</arg>
</arguments>
<assign>
<var>${resultval}</var>
</assign>
<msg timestamp="20200316 00:04:22.442" level="INFO">${resultval} = Testing  World</msg>
<status status="PASS" starttime="20200316 00:04:22.441" endtime="20200316 00:04:22.442"></status>
</kw>
<kw name="Log" library="BuiltIn">
<doc>Logs the given message with the given level.</doc>
<arguments>
<arg>${resultval}</arg>
</arguments>
<msg timestamp="20200316 00:04:22.442" level="INFO">Testing  World</msg>
<status status="PASS" starttime="20200316 00:04:22.442" endtime="20200316 00:04:22.442"></status>
</kw>
<status status="PASS" starttime="20200316 00:04:22.440" endtime="20200316 00:04:22.442"></status>
</kw>
<kw name="Open Browser" library="SeleniumLibrary">
<doc>Opens a new browser instance to the optional ``url``.</doc>
<arguments>
<arg>${URL}</arg>
<arg>${Browser}</arg>
</arguments>
<msg timestamp="20200316 00:04:22.443" level="INFO">Opening browser 'Chrome' to base url 'https://www.thetestingworld.com/index.php?option=com_users&amp;view=registration&amp;Itemid=588'.</msg>
<status status="PASS" starttime="20200316 00:04:22.443" endtime="20200316 00:04:27.829"></status>
</kw>
<kw name="Maximize Browser Window" library="SeleniumLibrary">
<doc>Maximizes current browser window.</doc>
<status status="PASS" starttime="20200316 00:04:27.830" endtime="20200316 00:04:28.993"></status>
</kw>
<status status="PASS" starttime="20200316 00:04:22.440" endtime="20200316 00:04:28.993" critical="yes"></status>
</test>
<status status="PASS" starttime="20200316 00:04:21.970" endtime="20200316 00:04:28.995"></status>
</suite>
<statistics>
<total>
<stat pass="1" fail="0">Critical Tests</stat>
<stat pass="1" fail="0">All Tests</stat>
</total>
<tag>
</tag>
<suite>
<stat pass="1" fail="0" id="s1" name="Fetch data from py file">Fetch data from py file</stat>
</suite>
</statistics>
<errors>
</errors>
</robot>
